<?xml version="1.0" encoding="UTF-8"?>
<!-- Generated by org.testng.reporters.JUnitReportReporter -->
<testsuite hostname="DESKTOP-LO4FQBD" failures="0" tests="1" name="com.juaracoding.selenium.v4.Forminput" time="29.678" errors="0" timestamp="2022-11-23T23:32:08 WIB" skipped="0">
  <testcase classname="com.juaracoding.selenium.v4.Forminput" name="input" time="29.678"/>
  <system-out/>
</testsuite> <!-- com.juaracoding.selenium.v4.Forminput -->
