<?xml version="1.0" encoding="UTF-8"?>
<!-- Generated by org.testng.reporters.JUnitReportReporter -->
<testsuite hostname="DESKTOP-LO4FQBD" failures="0" tests="1" name="com.juaracoding.selenium.v4.Shopee" time="1.194" errors="0" timestamp="2022-11-25T13:21:14 WIB" skipped="0">
  <testcase classname="com.juaracoding.selenium.v4.Shopee" name="priceTest" time="1.194"/>
  <system-out/>
</testsuite> <!-- com.juaracoding.selenium.v4.Shopee -->
